Fitter report for jicunqi
Sat May 28 22:07:43 2016
Quartus II 64-Bit Version 11.0 Build 208 07/03/2011 Service Pack 1 SJ Full Version


---------------------
; Table of Contents ;
---------------------
  1. Legal Notice
  2. Fitter Summary
  3. Fitter Settings
  4. Parallel Compilation
  5. Pin-Out File
  6. Fitter Resource Usage Summary
  7. Input Pins
  8. Output Pins
  9. I/O Bank Usage
 10. All Package Pins
 11. Output Pin Default Load For Reported TCO
 12. Fitter Resource Utilization by Entity
 13. Delay Chain Summary
 14. Control Signals
 15. Non-Global High Fan-Out Signals
 16. Interconnect Usage Summary
 17. LAB Logic Elements
 18. LAB-wide Signals
 19. LAB Signals Sourced
 20. LAB Signals Sourced Out
 21. LAB Distinct Inputs
 22. Fitter Device Options
 23. Fitter Messages
 24. Fitter Suppressed Messages



----------------
; Legal Notice ;
----------------
Copyright (C) 1991-2011 Altera Corporation
Your use of Altera Corporation's design tools, logic functions 
and other software and tools, and its AMPP partner logic 
functions, and any output files from any of the foregoing 
(including device programming or simulation files), and any 
associated documentation or information are expressly subject 
to the terms and conditions of the Altera Program License 
Subscription Agreement, Altera MegaCore Function License 
Agreement, or other applicable license agreement, including, 
without limitation, that your use is for the sole purpose of 
programming logic devices manufactured by Altera and sold by 
Altera or its authorized distributors.  Please refer to the 
applicable agreement for further details.



+----------------------------------------------------------------------------+
; Fitter Summary                                                             ;
+---------------------------+------------------------------------------------+
; Fitter Status             ; Successful - Sat May 28 22:07:43 2016          ;
; Quartus II 64-Bit Version ; 11.0 Build 208 07/03/2011 SP 1 SJ Full Version ;
; Revision Name             ; jicunqi                                        ;
; Top-level Entity Name     ; jicunqi                                        ;
; Family                    ; MAX II                                         ;
; Device                    ; EPM240T100C5                                   ;
; Timing Models             ; Final                                          ;
; Total logic elements      ; 1 / 240 ( < 1 % )                              ;
; Total pins                ; 3 / 80 ( 4 % )                                 ;
; Total virtual pins        ; 0                                              ;
; UFM blocks                ; 0 / 1 ( 0 % )                                  ;
+---------------------------+------------------------------------------------+


+----------------------------------------------------------------------------------------------------------------------------------------------+
; Fitter Settings                                                                                                                              ;
+----------------------------------------------------------------------------+--------------------------------+--------------------------------+
; Option                                                                     ; Setting                        ; Default Value                  ;
+----------------------------------------------------------------------------+--------------------------------+--------------------------------+
; Device                                                                     ; EPM240T100C5                   ;                                ;
; Minimum Core Junction Temperature                                          ; 0                              ;                                ;
; Maximum Core Junction Temperature                                          ; 85                             ;                                ;
; Fit Attempts to Skip                                                       ; 0                              ; 0.0                            ;
; Use smart compilation                                                      ; Off                            ; Off                            ;
; Enable parallel Assembler and TimeQuest Timing Analyzer during compilation ; On                             ; On                             ;
; Enable compact report table                                                ; Off                            ; Off                            ;
; Use TimeQuest Timing Analyzer                                              ; Off                            ; Off                            ;
; Router Timing Optimization Level                                           ; Normal                         ; Normal                         ;
; Placement Effort Multiplier                                                ; 1.0                            ; 1.0                            ;
; Router Effort Multiplier                                                   ; 1.0                            ; 1.0                            ;
; Always Enable Input Buffers                                                ; Off                            ; Off                            ;
; Optimize Hold Timing                                                       ; IO Paths and Minimum TPD Paths ; IO Paths and Minimum TPD Paths ;
; Optimize Multi-Corner Timing                                               ; Off                            ; Off                            ;
; Guarantee I/O Paths Have Zero Hold Time at Fast Corner                     ; On                             ; On                             ;
; PowerPlay Power Optimization                                               ; Normal compilation             ; Normal compilation             ;
; Optimize Timing                                                            ; Normal compilation             ; Normal compilation             ;
; Optimize Timing for ECOs                                                   ; Off                            ; Off                            ;
; Regenerate full fit report during ECO compiles                             ; Off                            ; Off                            ;
; Optimize IOC Register Placement for Timing                                 ; Normal                         ; Normal                         ;
; Limit to One Fitting Attempt                                               ; Off                            ; Off                            ;
; Final Placement Optimizations                                              ; Automatically                  ; Automatically                  ;
; Fitter Aggressive Routability Optimizations                                ; Automatically                  ; Automatically                  ;
; Fitter Initial Placement Seed                                              ; 1                              ; 1                              ;
; Slow Slew Rate                                                             ; Off                            ; Off                            ;
; PCI I/O                                                                    ; Off                            ; Off                            ;
; Weak Pull-Up Resistor                                                      ; Off                            ; Off                            ;
; Enable Bus-Hold Circuitry                                                  ; Off                            ; Off                            ;
; Auto Delay Chains                                                          ; On                             ; On                             ;
; Perform Physical Synthesis for Combinational Logic for Performance         ; Off                            ; Off                            ;
; Perform Register Duplication for Performance                               ; Off                            ; Off                            ;
; Perform Register Retiming for Performance                                  ; Off                            ; Off                            ;
; Perform Asynchronous Signal Pipelining                                     ; Off                            ; Off                            ;
; Fitter Effort                                                              ; Auto Fit                       ; Auto Fit                       ;
; Physical Synthesis Effort Level                                            ; Normal                         ; Normal                         ;
; Logic Cell Insertion - Logic Duplication                                   ; Auto                           ; Auto                           ;
; Auto Register Duplication                                                  ; Auto                           ; Auto                           ;
; Auto Global Clock                                                          ; On                             ; On                             ;
; Auto Global Register Control Signals                                       ; On                             ; On                             ;
; Force Fitter to Avoid Periphery Placement Warnings                         ; Off                            ; Off                            ;
+----------------------------------------------------------------------------+--------------------------------+--------------------------------+


+------------------------------------------+
; Parallel Compilation                     ;
+----------------------------+-------------+
; Processors                 ; Number      ;
+----------------------------+-------------+
; Number detected on machine ; 2           ;
; Maximum allowed            ; 2           ;
;                            ;             ;
; Average used               ; 1.00        ;
; Maximum used               ; 2           ;
;                            ;             ;
; Usage by Processor         ; % Time Used ;
;     1 processor            ; 100.0%      ;
;     2 processors           ; < 0.1%      ;
+----------------------------+-------------+


+--------------+
; Pin-Out File ;
+--------------+
The pin-out file can be found in G:/CPLD_FPGA/EDA/jicunqi/jicunqi.pin.


+-----------------------------------------------------------------+
; Fitter Resource Usage Summary                                   ;
+---------------------------------------------+-------------------+
; Resource                                    ; Usage             ;
+---------------------------------------------+-------------------+
; Total logic elements                        ; 1 / 240 ( < 1 % ) ;
;     -- Combinational with no register       ; 0                 ;
;     -- Register only                        ; 1                 ;
;     -- Combinational with a register        ; 0                 ;
;                                             ;                   ;
; Logic element usage by number of LUT inputs ;                   ;
;     -- 4 input functions                    ; 0                 ;
;     -- 3 input functions                    ; 0                 ;
;     -- 2 input functions                    ; 0                 ;
;     -- 1 input functions                    ; 0                 ;
;     -- 0 input functions                    ; 0                 ;
;                                             ;                   ;
; Logic elements by mode                      ;                   ;
;     -- normal mode                          ; 1                 ;
;     -- arithmetic mode                      ; 0                 ;
;     -- qfbk mode                            ; 0                 ;
;     -- register cascade mode                ; 0                 ;
;     -- synchronous clear/load mode          ; 1                 ;
;     -- asynchronous clear/load mode         ; 0                 ;
;                                             ;                   ;
; Total registers                             ; 1 / 240 ( < 1 % ) ;
; Total LABs                                  ; 1 / 24 ( 4 % )    ;
; Logic elements in carry chains              ; 0                 ;
; User inserted logic elements                ; 0                 ;
; Virtual pins                                ; 0                 ;
; I/O pins                                    ; 3 / 80 ( 4 % )    ;
;     -- Clock pins                           ; 0 / 4 ( 0 % )     ;
; Global signals                              ; 0                 ;
; UFM blocks                                  ; 0 / 1 ( 0 % )     ;
; Global clocks                               ; 0 / 4 ( 0 % )     ;
; JTAGs                                       ; 0 / 1 ( 0 % )     ;
; Average interconnect usage (total/H/V)      ; 0% / 0% / 0%      ;
; Peak interconnect usage (total/H/V)         ; 0% / 0% / 0%      ;
; Maximum fan-out node                        ; dout~reg0         ;
; Maximum fan-out                             ; 1                 ;
; Highest non-global fan-out signal           ; dout~reg0         ;
; Highest non-global fan-out                  ; 1                 ;
; Total fan-out                               ; 3                 ;
; Average fan-out                             ; 0.75              ;
+---------------------------------------------+-------------------+


+-------------------------------------------------------------------------------------------------------------------------------------------------------------------------------------------------------------+
; Input Pins                                                                                                                                                                                                  ;
+------+-------+----------+--------------+--------------+-------------+-----------------------+--------------------+--------+-----------------+----------+--------------+--------------+----------------------+
; Name ; Pin # ; I/O Bank ; X coordinate ; Y coordinate ; Cell number ; Combinational Fan-Out ; Registered Fan-Out ; Global ; PCI I/O Enabled ; Bus Hold ; Weak Pull Up ; I/O Standard ; Location assigned by ;
+------+-------+----------+--------------+--------------+-------------+-----------------------+--------------------+--------+-----------------+----------+--------------+--------------+----------------------+
; clk  ; 17    ; 1        ; 1            ; 2            ; 3           ; 1                     ; 0                  ; no     ; no              ; no       ; Off          ; 3.3-V LVTTL  ; Fitter               ;
; din  ; 20    ; 1        ; 1            ; 1            ; 2           ; 1                     ; 0                  ; no     ; no              ; no       ; Off          ; 3.3-V LVTTL  ; Fitter               ;
+------+-------+----------+--------------+--------------+-------------+-----------------------+--------------------+--------+-----------------+----------+--------------+--------------+----------------------+


+------------------------------------------------------------------------------------------------------------------------------------------------------------------------------------------------------------------------------------------------------------------------------------------------------------------------+
; Output Pins                                                                                                                                                                                                                                                                                                            ;
+------+-------+----------+--------------+--------------+-------------+-----------------+----------------+-----------------+------------+---------------+----------+--------------+--------------+------------------+------------------------+----------------------+-------+----------------------+---------------------+
; Name ; Pin # ; I/O Bank ; X coordinate ; Y coordinate ; Cell number ; Output Register ; Slow Slew Rate ; PCI I/O Enabled ; Open Drain ; TRI Primitive ; Bus Hold ; Weak Pull Up ; I/O Standard ; Current Strength ; Fast Output Connection ; Location assigned by ; Load  ; Output Enable Source ; Output Enable Group ;
+------+-------+----------+--------------+--------------+-------------+-----------------+----------------+-----------------+------------+---------------+----------+--------------+--------------+------------------+------------------------+----------------------+-------+----------------------+---------------------+
; dout ; 15    ; 1        ; 1            ; 2            ; 1           ; no              ; no             ; no              ; no         ; no            ; no       ; Off          ; 3.3-V LVTTL  ; 16mA             ; yes                    ; Fitter               ; 10 pF ; -                    ; -                   ;
+------+-------+----------+--------------+--------------+-------------+-----------------+----------------+-----------------+------------+---------------+----------+--------------+--------------+------------------+------------------------+----------------------+-------+----------------------+---------------------+


+----------------------------------------------------------+
; I/O Bank Usage                                           ;
+----------+----------------+---------------+--------------+
; I/O Bank ; Usage          ; VCCIO Voltage ; VREF Voltage ;
+----------+----------------+---------------+--------------+
; 1        ; 3 / 38 ( 8 % ) ; 3.3V          ; --           ;
; 2        ; 0 / 42 ( 0 % ) ; 3.3V          ; --           ;
+----------+----------------+---------------+--------------+


+------------------------------------------------------------------------------------------------------------------------------------------------+
; All Package Pins                                                                                                                               ;
+----------+------------+----------+----------------+--------+--------------+-----------+------------+-----------------+----------+--------------+
; Location ; Pad Number ; I/O Bank ; Pin Name/Usage ; Dir.   ; I/O Standard ; Voltage   ; I/O Type   ; User Assignment ; Bus Hold ; Weak Pull Up ;
+----------+------------+----------+----------------+--------+--------------+-----------+------------+-----------------+----------+--------------+
; 1        ; 83         ; 2        ; GND*           ;        ;              ;           ; Column I/O ;                 ; no       ; Off          ;
; 2        ; 0          ; 1        ; GND*           ;        ;              ;           ; Row I/O    ;                 ; no       ; Off          ;
; 3        ; 1          ; 1        ; GND*           ;        ;              ;           ; Row I/O    ;                 ; no       ; Off          ;
; 4        ; 2          ; 1        ; GND*           ;        ;              ;           ; Row I/O    ;                 ; no       ; Off          ;
; 5        ; 3          ; 1        ; GND*           ;        ;              ;           ; Row I/O    ;                 ; no       ; Off          ;
; 6        ; 4          ; 1        ; GND*           ;        ;              ;           ; Row I/O    ;                 ; no       ; Off          ;
; 7        ; 5          ; 1        ; GND*           ;        ;              ;           ; Row I/O    ;                 ; no       ; Off          ;
; 8        ; 6          ; 1        ; GND*           ;        ;              ;           ; Row I/O    ;                 ; no       ; Off          ;
; 9        ;            ; 1        ; VCCIO1         ; power  ;              ; 3.3V      ; --         ;                 ; --       ; --           ;
; 10       ;            ;          ; GNDIO          ; gnd    ;              ;           ; --         ;                 ; --       ; --           ;
; 11       ;            ;          ; GNDINT         ; gnd    ;              ;           ; --         ;                 ; --       ; --           ;
; 12       ; 7          ; 1        ; GND*           ;        ;              ;           ; Row I/O    ;                 ; no       ; Off          ;
; 13       ;            ;          ; VCCINT         ; power  ;              ; 2.5V/3.3V ; --         ;                 ; --       ; --           ;
; 14       ; 8          ; 1        ; GND*           ;        ;              ;           ; Row I/O    ;                 ; no       ; Off          ;
; 15       ; 9          ; 1        ; dout           ; output ; 3.3-V LVTTL  ;           ; Row I/O    ; N               ; no       ; Off          ;
; 16       ; 10         ; 1        ; GND*           ;        ;              ;           ; Row I/O    ;                 ; no       ; Off          ;
; 17       ; 11         ; 1        ; clk            ; input  ; 3.3-V LVTTL  ;           ; Row I/O    ; N               ; no       ; Off          ;
; 18       ; 12         ; 1        ; GND*           ;        ;              ;           ; Row I/O    ;                 ; no       ; Off          ;
; 19       ; 13         ; 1        ; GND*           ;        ;              ;           ; Row I/O    ;                 ; no       ; Off          ;
; 20       ; 14         ; 1        ; din            ; input  ; 3.3-V LVTTL  ;           ; Row I/O    ; N               ; no       ; Off          ;
; 21       ; 15         ; 1        ; GND*           ;        ;              ;           ; Row I/O    ;                 ; no       ; Off          ;
; 22       ; 16         ; 1        ; #TMS           ; input  ;              ;           ; --         ;                 ; --       ; --           ;
; 23       ; 17         ; 1        ; #TDI           ; input  ;              ;           ; --         ;                 ; --       ; --           ;
; 24       ; 18         ; 1        ; #TCK           ; input  ;              ;           ; --         ;                 ; --       ; --           ;
; 25       ; 19         ; 1        ; #TDO           ; output ;              ;           ; --         ;                 ; --       ; --           ;
; 26       ; 20         ; 1        ; GND*           ;        ;              ;           ; Column I/O ;                 ; no       ; Off          ;
; 27       ; 21         ; 1        ; GND*           ;        ;              ;           ; Column I/O ;                 ; no       ; Off          ;
; 28       ; 22         ; 1        ; GND*           ;        ;              ;           ; Column I/O ;                 ; no       ; Off          ;
; 29       ; 23         ; 1        ; GND*           ;        ;              ;           ; Column I/O ;                 ; no       ; Off          ;
; 30       ; 24         ; 1        ; GND*           ;        ;              ;           ; Column I/O ;                 ; no       ; Off          ;
; 31       ;            ; 1        ; VCCIO1         ; power  ;              ; 3.3V      ; --         ;                 ; --       ; --           ;
; 32       ;            ;          ; GNDIO          ; gnd    ;              ;           ; --         ;                 ; --       ; --           ;
; 33       ; 25         ; 1        ; GND*           ;        ;              ;           ; Column I/O ;                 ; no       ; Off          ;
; 34       ; 26         ; 1        ; GND*           ;        ;              ;           ; Column I/O ;                 ; no       ; Off          ;
; 35       ; 27         ; 1        ; GND*           ;        ;              ;           ; Column I/O ;                 ; no       ; Off          ;
; 36       ; 28         ; 1        ; GND*           ;        ;              ;           ; Column I/O ;                 ; no       ; Off          ;
; 37       ; 29         ; 1        ; GND*           ;        ;              ;           ; Column I/O ;                 ; no       ; Off          ;
; 38       ; 30         ; 1        ; GND*           ;        ;              ;           ; Column I/O ;                 ; no       ; Off          ;
; 39       ; 31         ; 1        ; GND*           ;        ;              ;           ; Column I/O ;                 ; no       ; Off          ;
; 40       ; 32         ; 1        ; GND*           ;        ;              ;           ; Column I/O ;                 ; no       ; Off          ;
; 41       ; 33         ; 1        ; GND*           ;        ;              ;           ; Column I/O ;                 ; no       ; Off          ;
; 42       ; 34         ; 1        ; GND*           ;        ;              ;           ; Column I/O ;                 ; no       ; Off          ;
; 43       ; 35         ; 1        ; GND*           ;        ;              ;           ; Column I/O ;                 ; no       ; Off          ;
; 44       ; 36         ; 1        ; GND*           ;        ;              ;           ; Column I/O ;                 ; no       ; Off          ;
; 45       ;            ; 1        ; VCCIO1         ; power  ;              ; 3.3V      ; --         ;                 ; --       ; --           ;
; 46       ;            ;          ; GNDIO          ; gnd    ;              ;           ; --         ;                 ; --       ; --           ;
; 47       ; 37         ; 1        ; GND*           ;        ;              ;           ; Column I/O ;                 ; no       ; Off          ;
; 48       ; 38         ; 1        ; GND*           ;        ;              ;           ; Column I/O ;                 ; no       ; Off          ;
; 49       ; 39         ; 1        ; GND*           ;        ;              ;           ; Column I/O ;                 ; no       ; Off          ;
; 50       ; 40         ; 1        ; GND*           ;        ;              ;           ; Column I/O ;                 ; no       ; Off          ;
; 51       ; 41         ; 1        ; GND*           ;        ;              ;           ; Column I/O ;                 ; no       ; Off          ;
; 52       ; 42         ; 2        ; GND*           ;        ;              ;           ; Row I/O    ;                 ; no       ; Off          ;
; 53       ; 43         ; 2        ; GND*           ;        ;              ;           ; Row I/O    ;                 ; no       ; Off          ;
; 54       ; 44         ; 2        ; GND*           ;        ;              ;           ; Row I/O    ;                 ; no       ; Off          ;
; 55       ; 45         ; 2        ; GND*           ;        ;              ;           ; Row I/O    ;                 ; no       ; Off          ;
; 56       ; 46         ; 2        ; GND*           ;        ;              ;           ; Row I/O    ;                 ; no       ; Off          ;
; 57       ; 47         ; 2        ; GND*           ;        ;              ;           ; Row I/O    ;                 ; no       ; Off          ;
; 58       ; 48         ; 2        ; GND*           ;        ;              ;           ; Row I/O    ;                 ; no       ; Off          ;
; 59       ;            ; 2        ; VCCIO2         ; power  ;              ; 3.3V      ; --         ;                 ; --       ; --           ;
; 60       ;            ;          ; GNDIO          ; gnd    ;              ;           ; --         ;                 ; --       ; --           ;
; 61       ; 49         ; 2        ; GND*           ;        ;              ;           ; Row I/O    ;                 ; no       ; Off          ;
; 62       ; 50         ; 2        ; GND*           ;        ;              ;           ; Row I/O    ;                 ; no       ; Off          ;
; 63       ;            ;          ; VCCINT         ; power  ;              ; 2.5V/3.3V ; --         ;                 ; --       ; --           ;
; 64       ; 51         ; 2        ; GND*           ;        ;              ;           ; Row I/O    ;                 ; no       ; Off          ;
; 65       ;            ;          ; GNDINT         ; gnd    ;              ;           ; --         ;                 ; --       ; --           ;
; 66       ; 52         ; 2        ; GND*           ;        ;              ;           ; Row I/O    ;                 ; no       ; Off          ;
; 67       ; 53         ; 2        ; GND*           ;        ;              ;           ; Row I/O    ;                 ; no       ; Off          ;
; 68       ; 54         ; 2        ; GND*           ;        ;              ;           ; Row I/O    ;                 ; no       ; Off          ;
; 69       ; 55         ; 2        ; GND*           ;        ;              ;           ; Row I/O    ;                 ; no       ; Off          ;
; 70       ; 56         ; 2        ; GND*           ;        ;              ;           ; Row I/O    ;                 ; no       ; Off          ;
; 71       ; 57         ; 2        ; GND*           ;        ;              ;           ; Row I/O    ;                 ; no       ; Off          ;
; 72       ; 58         ; 2        ; GND*           ;        ;              ;           ; Row I/O    ;                 ; no       ; Off          ;
; 73       ; 59         ; 2        ; GND*           ;        ;              ;           ; Row I/O    ;                 ; no       ; Off          ;
; 74       ; 60         ; 2        ; GND*           ;        ;              ;           ; Row I/O    ;                 ; no       ; Off          ;
; 75       ; 61         ; 2        ; GND*           ;        ;              ;           ; Column I/O ;                 ; no       ; Off          ;
; 76       ; 62         ; 2        ; GND*           ;        ;              ;           ; Column I/O ;                 ; no       ; Off          ;
; 77       ; 63         ; 2        ; GND*           ;        ;              ;           ; Column I/O ;                 ; no       ; Off          ;
; 78       ; 64         ; 2        ; GND*           ;        ;              ;           ; Column I/O ;                 ; no       ; Off          ;
; 79       ;            ;          ; GNDIO          ; gnd    ;              ;           ; --         ;                 ; --       ; --           ;
; 80       ;            ; 2        ; VCCIO2         ; power  ;              ; 3.3V      ; --         ;                 ; --       ; --           ;
; 81       ; 65         ; 2        ; GND*           ;        ;              ;           ; Column I/O ;                 ; no       ; Off          ;
; 82       ; 66         ; 2        ; GND*           ;        ;              ;           ; Column I/O ;                 ; no       ; Off          ;
; 83       ; 67         ; 2        ; GND*           ;        ;              ;           ; Column I/O ;                 ; no       ; Off          ;
; 84       ; 68         ; 2        ; GND*           ;        ;              ;           ; Column I/O ;                 ; no       ; Off          ;
; 85       ; 69         ; 2        ; GND*           ;        ;              ;           ; Column I/O ;                 ; no       ; Off          ;
; 86       ; 70         ; 2        ; GND*           ;        ;              ;           ; Column I/O ;                 ; no       ; Off          ;
; 87       ; 71         ; 2        ; GND*           ;        ;              ;           ; Column I/O ;                 ; no       ; Off          ;
; 88       ; 72         ; 2        ; GND*           ;        ;              ;           ; Column I/O ;                 ; no       ; Off          ;
; 89       ; 73         ; 2        ; GND*           ;        ;              ;           ; Column I/O ;                 ; no       ; Off          ;
; 90       ; 74         ; 2        ; GND*           ;        ;              ;           ; Column I/O ;                 ; no       ; Off          ;
; 91       ; 75         ; 2        ; GND*           ;        ;              ;           ; Column I/O ;                 ; no       ; Off          ;
; 92       ; 76         ; 2        ; GND*           ;        ;              ;           ; Column I/O ;                 ; no       ; Off          ;
; 93       ;            ;          ; GNDIO          ; gnd    ;              ;           ; --         ;                 ; --       ; --           ;
; 94       ;            ; 2        ; VCCIO2         ; power  ;              ; 3.3V      ; --         ;                 ; --       ; --           ;
; 95       ; 77         ; 2        ; GND*           ;        ;              ;           ; Column I/O ;                 ; no       ; Off          ;
; 96       ; 78         ; 2        ; GND*           ;        ;              ;           ; Column I/O ;                 ; no       ; Off          ;
; 97       ; 79         ; 2        ; GND*           ;        ;              ;           ; Column I/O ;                 ; no       ; Off          ;
; 98       ; 80         ; 2        ; GND*           ;        ;              ;           ; Column I/O ;                 ; no       ; Off          ;
; 99       ; 81         ; 2        ; GND*           ;        ;              ;           ; Column I/O ;                 ; no       ; Off          ;
; 100      ; 82         ; 2        ; GND*           ;        ;              ;           ; Column I/O ;                 ; no       ; Off          ;
+----------+------------+----------+----------------+--------+--------------+-----------+------------+-----------------+----------+--------------+
Note: Pin directions (input, output or bidir) are based on device operating in user mode.


+-------------------------------------------------------------+
; Output Pin Default Load For Reported TCO                    ;
+----------------------------+-------+------------------------+
; I/O Standard               ; Load  ; Termination Resistance ;
+----------------------------+-------+------------------------+
; 3.3-V LVTTL                ; 10 pF ; Not Available          ;
; 3.3-V LVCMOS               ; 10 pF ; Not Available          ;
; 2.5 V                      ; 10 pF ; Not Available          ;
; 1.8 V                      ; 10 pF ; Not Available          ;
; 1.5 V                      ; 10 pF ; Not Available          ;
; 3.3V Schmitt Trigger Input ; 10 pF ; Not Available          ;
; 2.5V Schmitt Trigger Input ; 10 pF ; Not Available          ;
+----------------------------+-------+------------------------+
Note: User assignments will override these defaults. The user specified values are listed in the Output Pins and Bidir Pins tables.


+----------------------------------------------------------------------------------------------------------------------------------------------------------------------------------------------------------------------+
; Fitter Resource Utilization by Entity                                                                                                                                                                                ;
+----------------------------+-------------+--------------+------------+------+--------------+--------------+-------------------+------------------+-----------------+------------+---------------------+--------------+
; Compilation Hierarchy Node ; Logic Cells ; LC Registers ; UFM Blocks ; Pins ; Virtual Pins ; LUT-Only LCs ; Register-Only LCs ; LUT/Register LCs ; Carry Chain LCs ; Packed LCs ; Full Hierarchy Name ; Library Name ;
+----------------------------+-------------+--------------+------------+------+--------------+--------------+-------------------+------------------+-----------------+------------+---------------------+--------------+
; |jicunqi                   ; 1 (1)       ; 1            ; 0          ; 3    ; 0            ; 0 (0)        ; 1 (1)             ; 0 (0)            ; 0 (0)           ; 0 (0)      ; |jicunqi            ; work         ;
+----------------------------+-------------+--------------+------------+------+--------------+--------------+-------------------+------------------+-----------------+------------+---------------------+--------------+
Note: For table entries with two numbers listed, the numbers in parentheses indicate the number of resources of the given type used by the specific entity alone. The numbers listed outside of parentheses indicate the total resources of the given type used by the specific entity and all of its sub-entities in the hierarchy.


+---------------------------------+
; Delay Chain Summary             ;
+------+----------+---------------+
; Name ; Pin Type ; Pad to Core 0 ;
+------+----------+---------------+
; din  ; Input    ; (1)           ;
; clk  ; Input    ; (0)           ;
; dout ; Output   ; --            ;
+------+----------+---------------+


+--------------------------------------------------------------------------------------+
; Control Signals                                                                      ;
+------+----------+---------+-------+--------+----------------------+------------------+
; Name ; Location ; Fan-Out ; Usage ; Global ; Global Resource Used ; Global Line Name ;
+------+----------+---------+-------+--------+----------------------+------------------+
; clk  ; PIN_17   ; 1       ; Clock ; no     ; --                   ; --               ;
+------+----------+---------+-------+--------+----------------------+------------------+


+---------------------------------+
; Non-Global High Fan-Out Signals ;
+-----------+---------------------+
; Name      ; Fan-Out             ;
+-----------+---------------------+
; clk       ; 1                   ;
; din       ; 1                   ;
; dout~reg0 ; 1                   ;
+-----------+---------------------+


+------------------------------------------------+
; Interconnect Usage Summary                     ;
+----------------------------+-------------------+
; Interconnect Resource Type ; Usage             ;
+----------------------------+-------------------+
; C4s                        ; 1 / 784 ( < 1 % ) ;
; Direct links               ; 0 / 888 ( 0 % )   ;
; Global clocks              ; 0 / 4 ( 0 % )     ;
; LAB clocks                 ; 0 / 32 ( 0 % )    ;
; LUT chains                 ; 0 / 216 ( 0 % )   ;
; Local interconnects        ; 2 / 888 ( < 1 % ) ;
; R4s                        ; 0 / 704 ( 0 % )   ;
+----------------------------+-------------------+


+--------------------------------------------------------------------------+
; LAB Logic Elements                                                       ;
+--------------------------------------------+-----------------------------+
; Number of Logic Elements  (Average = 1.00) ; Number of LABs  (Total = 1) ;
+--------------------------------------------+-----------------------------+
; 1                                          ; 1                           ;
; 2                                          ; 0                           ;
; 3                                          ; 0                           ;
; 4                                          ; 0                           ;
; 5                                          ; 0                           ;
; 6                                          ; 0                           ;
; 7                                          ; 0                           ;
; 8                                          ; 0                           ;
; 9                                          ; 0                           ;
; 10                                         ; 0                           ;
+--------------------------------------------+-----------------------------+


+------------------------------------------------------------------+
; LAB-wide Signals                                                 ;
+------------------------------------+-----------------------------+
; LAB-wide Signals  (Average = 1.00) ; Number of LABs  (Total = 1) ;
+------------------------------------+-----------------------------+
; 1 Clock                            ; 1                           ;
+------------------------------------+-----------------------------+


+---------------------------------------------------------------------------+
; LAB Signals Sourced                                                       ;
+---------------------------------------------+-----------------------------+
; Number of Signals Sourced  (Average = 1.00) ; Number of LABs  (Total = 1) ;
+---------------------------------------------+-----------------------------+
; 0                                           ; 0                           ;
; 1                                           ; 1                           ;
+---------------------------------------------+-----------------------------+


+-------------------------------------------------------------------------------+
; LAB Signals Sourced Out                                                       ;
+-------------------------------------------------+-----------------------------+
; Number of Signals Sourced Out  (Average = 1.00) ; Number of LABs  (Total = 1) ;
+-------------------------------------------------+-----------------------------+
; 0                                               ; 0                           ;
; 1                                               ; 1                           ;
+-------------------------------------------------+-----------------------------+


+---------------------------------------------------------------------------+
; LAB Distinct Inputs                                                       ;
+---------------------------------------------+-----------------------------+
; Number of Distinct Inputs  (Average = 2.00) ; Number of LABs  (Total = 1) ;
+---------------------------------------------+-----------------------------+
; 0                                           ; 0                           ;
; 1                                           ; 0                           ;
; 2                                           ; 1                           ;
+---------------------------------------------+-----------------------------+


+-------------------------------------------------------------------------+
; Fitter Device Options                                                   ;
+----------------------------------------------+--------------------------+
; Option                                       ; Setting                  ;
+----------------------------------------------+--------------------------+
; Enable user-supplied start-up clock (CLKUSR) ; Off                      ;
; Enable device-wide reset (DEV_CLRn)          ; Off                      ;
; Enable device-wide output enable (DEV_OE)    ; Off                      ;
; Enable INIT_DONE output                      ; Off                      ;
; Configuration scheme                         ; Passive Serial           ;
; Reserve all unused pins                      ; As output driving ground ;
; Base pin-out file on sameframe device        ; Off                      ;
+----------------------------------------------+--------------------------+


+-----------------+
; Fitter Messages ;
+-----------------+
Info: *******************************************************************
Info: Running Quartus II 64-Bit Fitter
    Info: Version 11.0 Build 208 07/03/2011 Service Pack 1 SJ Full Version
    Info: Processing started: Sat May 28 22:07:42 2016
Info: Command: quartus_fit --read_settings_files=off --write_settings_files=off jicunqi -c jicunqi
Info: Parallel compilation is enabled and will use 2 of the 2 processors detected
Info: Selected device EPM240T100C5 for design "jicunqi"
Info: Low junction temperature is 0 degrees C
Info: High junction temperature is 85 degrees C
Info: Fitter is performing an Auto Fit compilation, which may decrease Fitter effort to reduce compilation time
Info: Device migration not selected. If you intend to use device migration later, you may need to change the pin assignments as they may be incompatible with other devices
    Info: Device EPM240T100I5 is compatible
    Info: Device EPM240T100A5 is compatible
    Info: Device EPM570T100C5 is compatible
    Info: Device EPM570T100I5 is compatible
    Info: Device EPM570T100A5 is compatible
Critical Warning: No exact pin location assignment(s) for 3 pins of 3 total pins
    Info: Pin dout not assigned to an exact location on the device
    Info: Pin din not assigned to an exact location on the device
    Info: Pin clk not assigned to an exact location on the device
Info: Timing-driven compilation is using the TimeQuest Timing Analyzer
Critical Warning: Synopsys Design Constraints File file not found: 'jicunqi.sdc'. A Synopsys Design Constraints File is required by the TimeQuest Timing Analyzer to get proper timing constraints. Without it, the Compiler will not properly optimize the design.
Info: No user constrained base clocks found in the design
Info: Timing requirements not specified -- optimizing circuit to achieve the following default global requirements
    Info: Assuming a default timing requirement
Info: Found 1 clocks
    Info:   Period   Clock Name
    Info: ======== ============
    Info:    1.000          clk
Info: Completed User Assigned Global Signals Promotion Operation
Info: Completed Auto Global Promotion Operation
Info: Starting register packing
Info: Fitter is using Normal packing mode for logic elements with Auto setting for Auto Packed Registers logic option
Info: Started processing fast register assignments
Info: Finished processing fast register assignments
Info: Finished register packing
Info: Statistics of I/O pins that need to be placed that use the same VCCIO and VREF, before I/O pin placement
    Info: Number of I/O pins in group: 3 (unused VREF, 3.3V VCCIO, 2 input, 1 output, 0 bidirectional)
        Info: I/O standards used: 3.3-V LVTTL.
Info: I/O bank details before I/O pin placement
    Info: Statistics of I/O banks
        Info: I/O bank number 1 does not use VREF pins and has undetermined VCCIO pins. 0 total pin(s) used --  38 pins available
        Info: I/O bank number 2 does not use VREF pins and has undetermined VCCIO pins. 0 total pin(s) used --  42 pins available
Info: Fitter preparation operations ending: elapsed time is 00:00:00
Info: Fitter placement preparation operations beginning
Info: Fitter placement preparation operations ending: elapsed time is 00:00:00
Info: Fitter placement operations beginning
Info: Fitter placement was successful
Info: Fitter placement operations ending: elapsed time is 00:00:00
Info: Fitter routing operations beginning
Info: Router estimated average interconnect usage is 0% of the available device resources
    Info: Router estimated peak interconnect usage is 0% of the available device resources in the region that extends from location X0_Y0 to location X8_Y5
Info: Fitter routing operations ending: elapsed time is 00:00:00
Info: The Fitter performed an Auto Fit compilation.  Optimizations were skipped to reduce compilation time.
    Info: Optimizations that may affect the design's routability were skipped
    Info: Optimizations that may affect the design's timing were skipped
Warning: The Reserve All Unused Pins setting has not been specified, and will default to 'As output driving ground'.
Info: Generated suppressed messages file G:/CPLD_FPGA/EDA/jicunqi/jicunqi.fit.smsg
Info: Quartus II 64-Bit Fitter was successful. 0 errors, 3 warnings
    Info: Peak virtual memory: 390 megabytes
    Info: Processing ended: Sat May 28 22:07:43 2016
    Info: Elapsed time: 00:00:01
    Info: Total CPU time (on all processors): 00:00:01


+----------------------------+
; Fitter Suppressed Messages ;
+----------------------------+
The suppressed messages can be found in G:/CPLD_FPGA/EDA/jicunqi/jicunqi.fit.smsg.


