Flow report for fengmingqi
Sun May 29 11:11:10 2016
Quartus II 64-Bit Version 11.0 Build 208 07/03/2011 Service Pack 1 SJ Full Version


---------------------
; Table of Contents ;
---------------------
  1. Legal Notice
  2. Flow Summary
  3. Flow Settings
  4. Flow Non-Default Global Settings
  5. Flow Elapsed Time
  6. Flow OS Summary
  7. Flow Log



----------------
; Legal Notice ;
----------------
Copyright (C) 1991-2011 Altera Corporation
Your use of Altera Corporation's design tools, logic functions 
and other software and tools, and its AMPP partner logic 
functions, and any output files from any of the foregoing 
(including device programming or simulation files), and any 
associated documentation or information are expressly subject 
to the terms and conditions of the Altera Program License 
Subscription Agreement, Altera MegaCore Function License 
Agreement, or other applicable license agreement, including, 
without limitation, that your use is for the sole purpose of 
programming logic devices manufactured by Altera and sold by 
Altera or its authorized distributors.  Please refer to the 
applicable agreement for further details.



+----------------------------------------------------------------------------+
; Flow Summary                                                               ;
+---------------------------+------------------------------------------------+
; Flow Status               ; Successful - Sun May 29 11:11:10 2016          ;
; Quartus II 64-Bit Version ; 11.0 Build 208 07/03/2011 SP 1 SJ Full Version ;
; Revision Name             ; fengmingqi                                     ;
; Top-level Entity Name     ; fengmingqi                                     ;
; Family                    ; MAX II                                         ;
; Device                    ; EPM240T100C5                                   ;
; Timing Models             ; Final                                          ;
; Total logic elements      ; 32 / 240 ( 13 % )                              ;
; Total pins                ; 3 / 80 ( 4 % )                                 ;
; Total virtual pins        ; 0                                              ;
; UFM blocks                ; 0 / 1 ( 0 % )                                  ;
+---------------------------+------------------------------------------------+


+-----------------------------------------+
; Flow Settings                           ;
+-------------------+---------------------+
; Option            ; Setting             ;
+-------------------+---------------------+
; Start date & time ; 05/29/2016 11:11:03 ;
; Main task         ; Compilation         ;
; Revision Name     ; fengmingqi          ;
+-------------------+---------------------+


+--------------------------------------------------------------------------------------------------------------------------+
; Flow Non-Default Global Settings                                                                                         ;
+---------------------------------------+-----------------------------------+---------------+-------------+----------------+
; Assignment Name                       ; Value                             ; Default Value ; Entity Name ; Section Id     ;
+---------------------------------------+-----------------------------------+---------------+-------------+----------------+
; COMPILER_SIGNATURE_ID                 ; 92587421740416.146449146206384    ; --            ; --          ; --             ;
; EDA_DESIGN_INSTANCE_NAME              ; NA                                ; --            ; --          ; --             ;
; EDA_NATIVELINK_SIMULATION_TEST_BENCH  ; fengmingqi                        ; --            ; --          ; eda_simulation ;
; EDA_OUTPUT_DATA_FORMAT                ; Verilog Hdl                       ; --            ; --          ; eda_simulation ;
; EDA_SIMULATION_TOOL                   ; ModelSim (Verilog)                ; <None>        ; --          ; --             ;
; EDA_TEST_BENCH_ENABLE_STATUS          ; TEST_BENCH_MODE                   ; --            ; --          ; eda_simulation ;
; EDA_TEST_BENCH_FILE                   ; simulation/modelsim/fengmingqi.vt ; --            ; --          ; --             ;
; EDA_TEST_BENCH_MODULE_NAME            ; fengmingqi_vlg_tst                ; --            ; --          ; --             ;
; EDA_TEST_BENCH_NAME                   ; fengmingqi                        ; --            ; --          ; eda_simulation ;
; EDA_TIME_SCALE                        ; 1 ps                              ; --            ; --          ; eda_simulation ;
; MAX_CORE_JUNCTION_TEMP                ; 85                                ; --            ; --          ; --             ;
; MIN_CORE_JUNCTION_TEMP                ; 0                                 ; --            ; --          ; --             ;
; POWER_EXT_SUPPLY_VOLTAGE_TO_REGULATOR ; 3.3V                              ; --            ; --          ; --             ;
+---------------------------------------+-----------------------------------+---------------+-------------+----------------+


+-------------------------------------------------------------------------------------------------------------------------------+
; Flow Elapsed Time                                                                                                             ;
+---------------------------+--------------+-------------------------+---------------------+------------------------------------+
; Module Name               ; Elapsed Time ; Average Processors Used ; Peak Virtual Memory ; Total CPU Time (on all processors) ;
+---------------------------+--------------+-------------------------+---------------------+------------------------------------+
; Analysis & Synthesis      ; 00:00:01     ; 1.0                     ; 322 MB              ; 00:00:01                           ;
; Fitter                    ; 00:00:01     ; 1.0                     ; 393 MB              ; 00:00:01                           ;
; Assembler                 ; 00:00:01     ; 1.0                     ; 289 MB              ; 00:00:01                           ;
; TimeQuest Timing Analyzer ; 00:00:02     ; 1.0                     ; 303 MB              ; 00:00:02                           ;
; EDA Netlist Writer        ; 00:00:01     ; 1.0                     ; 267 MB              ; 00:00:00                           ;
; Total                     ; 00:00:06     ; --                      ; --                  ; 00:00:05                           ;
+---------------------------+--------------+-------------------------+---------------------+------------------------------------+


+----------------------------------------------------------------------------------------+
; Flow OS Summary                                                                        ;
+---------------------------+------------------+-----------+------------+----------------+
; Module Name               ; Machine Hostname ; OS Name   ; OS Version ; Processor type ;
+---------------------------+------------------+-----------+------------+----------------+
; Analysis & Synthesis      ; yanzhong-PC      ; Windows 7 ; 6.1        ; x86_64         ;
; Fitter                    ; yanzhong-PC      ; Windows 7 ; 6.1        ; x86_64         ;
; Assembler                 ; yanzhong-PC      ; Windows 7 ; 6.1        ; x86_64         ;
; TimeQuest Timing Analyzer ; yanzhong-PC      ; Windows 7 ; 6.1        ; x86_64         ;
; EDA Netlist Writer        ; yanzhong-PC      ; Windows 7 ; 6.1        ; x86_64         ;
+---------------------------+------------------+-----------+------------+----------------+


------------
; Flow Log ;
------------
quartus_map --read_settings_files=on --write_settings_files=off fengmingqi -c fengmingqi
quartus_fit --read_settings_files=off --write_settings_files=off fengmingqi -c fengmingqi
quartus_asm --read_settings_files=off --write_settings_files=off fengmingqi -c fengmingqi
quartus_sta fengmingqi -c fengmingqi
quartus_eda --read_settings_files=off --write_settings_files=off fengmingqi -c fengmingqi



