Flow report for full
Tue Jul 26 10:48:37 2016
Quartus II 64-Bit Version 11.0 Build 208 07/03/2011 Service Pack 1 SJ Full Version


---------------------
; Table of Contents ;
---------------------
  1. Legal Notice
  2. Flow Summary
  3. Flow Settings
  4. Flow Non-Default Global Settings
  5. Flow Elapsed Time
  6. Flow OS Summary
  7. Flow Log



----------------
; Legal Notice ;
----------------
Copyright (C) 1991-2011 Altera Corporation
Your use of Altera Corporation's design tools, logic functions 
and other software and tools, and its AMPP partner logic 
functions, and any output files from any of the foregoing 
(including device programming or simulation files), and any 
associated documentation or information are expressly subject 
to the terms and conditions of the Altera Program License 
Subscription Agreement, Altera MegaCore Function License 
Agreement, or other applicable license agreement, including, 
without limitation, that your use is for the sole purpose of 
programming logic devices manufactured by Altera and sold by 
Altera or its authorized distributors.  Please refer to the 
applicable agreement for further details.



+-------------------------------------------------------------------------------------+
; Flow Summary                                                                        ;
+------------------------------------+------------------------------------------------+
; Flow Status                        ; Successful - Tue Jul 26 10:48:37 2016          ;
; Quartus II 64-Bit Version          ; 11.0 Build 208 07/03/2011 SP 1 SJ Full Version ;
; Revision Name                      ; full                                           ;
; Top-level Entity Name              ; top                                            ;
; Family                             ; Cyclone II                                     ;
; Device                             ; EP2C5T144C8                                    ;
; Timing Models                      ; Final                                          ;
; Total logic elements               ; 489 / 4,608 ( 11 % )                           ;
;     Total combinational functions  ; 483 / 4,608 ( 10 % )                           ;
;     Dedicated logic registers      ; 336 / 4,608 ( 7 % )                            ;
; Total registers                    ; 336                                            ;
; Total pins                         ; 8 / 89 ( 9 % )                                 ;
; Total virtual pins                 ; 0                                              ;
; Total memory bits                  ; 0 / 119,808 ( 0 % )                            ;
; Embedded Multiplier 9-bit elements ; 0 / 26 ( 0 % )                                 ;
; Total PLLs                         ; 1 / 2 ( 50 % )                                 ;
+------------------------------------+------------------------------------------------+


+-----------------------------------------+
; Flow Settings                           ;
+-------------------+---------------------+
; Option            ; Setting             ;
+-------------------+---------------------+
; Start date & time ; 07/26/2016 10:48:27 ;
; Main task         ; Compilation         ;
; Revision Name     ; full                ;
+-------------------+---------------------+


+---------------------------------------------------------------------------------------------------------------------+
; Flow Non-Default Global Settings                                                                                    ;
+-------------------------------------+--------------------------------+---------------+-------------+----------------+
; Assignment Name                     ; Value                          ; Default Value ; Entity Name ; Section Id     ;
+-------------------------------------+--------------------------------+---------------+-------------+----------------+
; COMPILER_SIGNATURE_ID               ; 92587421740417.146950130705612 ; --            ; --          ; --             ;
; EDA_OUTPUT_DATA_FORMAT              ; Verilog Hdl                    ; --            ; --          ; eda_simulation ;
; EDA_SIMULATION_TOOL                 ; ModelSim-Altera (Verilog)      ; <None>        ; --          ; --             ;
; IP_TOOL_NAME                        ; ALTPLL                         ; --            ; --          ; --             ;
; IP_TOOL_VERSION                     ; 13.0                           ; --            ; --          ; --             ;
; MAX_CORE_JUNCTION_TEMP              ; 85                             ; --            ; --          ; --             ;
; MIN_CORE_JUNCTION_TEMP              ; 0                              ; --            ; --          ; --             ;
; MISC_FILE                           ; PLL_bb.v                       ; --            ; --          ; --             ;
; MISC_FILE                           ; PLL.ppf                        ; --            ; --          ; --             ;
; PARTITION_COLOR                     ; 16764057                       ; --            ; top         ; Top            ;
; PARTITION_FITTER_PRESERVATION_LEVEL ; PLACEMENT_AND_ROUTING          ; --            ; top         ; Top            ;
; PARTITION_NETLIST_TYPE              ; SOURCE                         ; --            ; top         ; Top            ;
; PROJECT_OUTPUT_DIRECTORY            ; output_files                   ; --            ; --          ; --             ;
; TOP_LEVEL_ENTITY                    ; top                            ; full          ; --          ; --             ;
+-------------------------------------+--------------------------------+---------------+-------------+----------------+


+-------------------------------------------------------------------------------------------------------------------------------+
; Flow Elapsed Time                                                                                                             ;
+---------------------------+--------------+-------------------------+---------------------+------------------------------------+
; Module Name               ; Elapsed Time ; Average Processors Used ; Peak Virtual Memory ; Total CPU Time (on all processors) ;
+---------------------------+--------------+-------------------------+---------------------+------------------------------------+
; Analysis & Synthesis      ; 00:00:02     ; 1.0                     ; 355 MB              ; 00:00:02                           ;
; Fitter                    ; 00:00:03     ; 1.0                     ; 418 MB              ; 00:00:03                           ;
; Assembler                 ; 00:00:01     ; 1.0                     ; 311 MB              ; 00:00:01                           ;
; TimeQuest Timing Analyzer ; 00:00:02     ; 1.0                     ; 341 MB              ; 00:00:02                           ;
; EDA Netlist Writer        ; 00:00:01     ; 1.0                     ; 290 MB              ; 00:00:01                           ;
; Total                     ; 00:00:09     ; --                      ; --                  ; 00:00:09                           ;
+---------------------------+--------------+-------------------------+---------------------+------------------------------------+


+----------------------------------------------------------------------------------------+
; Flow OS Summary                                                                        ;
+---------------------------+------------------+-----------+------------+----------------+
; Module Name               ; Machine Hostname ; OS Name   ; OS Version ; Processor type ;
+---------------------------+------------------+-----------+------------+----------------+
; Analysis & Synthesis      ; yanzhong-PC      ; Windows 7 ; 6.1        ; x86_64         ;
; Fitter                    ; yanzhong-PC      ; Windows 7 ; 6.1        ; x86_64         ;
; Assembler                 ; yanzhong-PC      ; Windows 7 ; 6.1        ; x86_64         ;
; TimeQuest Timing Analyzer ; yanzhong-PC      ; Windows 7 ; 6.1        ; x86_64         ;
; EDA Netlist Writer        ; yanzhong-PC      ; Windows 7 ; 6.1        ; x86_64         ;
+---------------------------+------------------+-----------+------------+----------------+


------------
; Flow Log ;
------------
quartus_map --read_settings_files=on --write_settings_files=off full -c full
quartus_fit --read_settings_files=off --write_settings_files=off full -c full
quartus_asm --read_settings_files=off --write_settings_files=off full -c full
quartus_sta full -c full
quartus_eda --read_settings_files=off --write_settings_files=off full -c full



