Analysis & Synthesis report for Top_F
Sun May 29 23:11:47 2016
Quartus II 64-Bit Version 9.1 Build 222 10/21/2009 SJ Full Version


---------------------
; Table of Contents ;
---------------------
  1. Legal Notice
  2. Analysis & Synthesis Summary
  3. Analysis & Synthesis Settings
  4. Parallel Compilation
  5. Analysis & Synthesis Source Files Read
  6. Analysis & Synthesis Resource Usage Summary
  7. Analysis & Synthesis Resource Utilization by Entity
  8. Registers Removed During Synthesis
  9. Removed Registers Triggering Further Register Optimizations
 10. General Register Statistics
 11. Analysis & Synthesis Messages
 12. Analysis & Synthesis Suppressed Messages



----------------
; Legal Notice ;
----------------
Copyright (C) 1991-2009 Altera Corporation
Your use of Altera Corporation's design tools, logic functions 
and other software and tools, and its AMPP partner logic 
functions, and any output files from any of the foregoing 
(including device programming or simulation files), and any 
associated documentation or information are expressly subject 
to the terms and conditions of the Altera Program License 
Subscription Agreement, Altera MegaCore Function License 
Agreement, or other applicable license agreement, including, 
without limitation, that your use is for the sole purpose of 
programming logic devices manufactured by Altera and sold by 
Altera or its authorized distributors.  Please refer to the 
applicable agreement for further details.



+------------------------------------------------------------------------+
; Analysis & Synthesis Summary                                           ;
+-----------------------------+------------------------------------------+
; Analysis & Synthesis Status ; Successful - Sun May 29 23:11:47 2016    ;
; Quartus II 64-Bit Version   ; 9.1 Build 222 10/21/2009 SJ Full Version ;
; Revision Name               ; Top_F                                    ;
; Top-level Entity Name       ; Top_F                                    ;
; Family                      ; MAX II                                   ;
; Total logic elements        ; 0                                        ;
; Total pins                  ; 15                                       ;
; Total virtual pins          ; 0                                        ;
; UFM blocks                  ; 0 / 1 ( 0 % )                            ;
+-----------------------------+------------------------------------------+


+----------------------------------------------------------------------------------------------------------------------+
; Analysis & Synthesis Settings                                                                                        ;
+----------------------------------------------------------------------------+--------------------+--------------------+
; Option                                                                     ; Setting            ; Default Value      ;
+----------------------------------------------------------------------------+--------------------+--------------------+
; Device                                                                     ; EPM240T100C5       ;                    ;
; Top-level entity name                                                      ; Top_F              ; Top_F              ;
; Family name                                                                ; MAX II             ; Stratix II         ;
; Use Generated Physical Constraints File                                    ; Off                ;                    ;
; Use smart compilation                                                      ; Off                ; Off                ;
; Enable parallel Assembler and TimeQuest Timing Analyzer during compilation ; On                 ; On                 ;
; Enable compact report table                                                ; Off                ; Off                ;
; Restructure Multiplexers                                                   ; Auto               ; Auto               ;
; Create Debugging Nodes for IP Cores                                        ; Off                ; Off                ;
; Preserve fewer node names                                                  ; On                 ; On                 ;
; Disable OpenCore Plus hardware evaluation                                  ; Off                ; Off                ;
; Verilog Version                                                            ; Verilog_2001       ; Verilog_2001       ;
; VHDL Version                                                               ; VHDL_1993          ; VHDL_1993          ;
; State Machine Processing                                                   ; Auto               ; Auto               ;
; Safe State Machine                                                         ; Off                ; Off                ;
; Extract Verilog State Machines                                             ; On                 ; On                 ;
; Extract VHDL State Machines                                                ; On                 ; On                 ;
; Ignore Verilog initial constructs                                          ; Off                ; Off                ;
; Iteration limit for constant Verilog loops                                 ; 5000               ; 5000               ;
; Iteration limit for non-constant Verilog loops                             ; 250                ; 250                ;
; Add Pass-Through Logic to Inferred RAMs                                    ; On                 ; On                 ;
; Parallel Synthesis                                                         ; On                 ; On                 ;
; NOT Gate Push-Back                                                         ; On                 ; On                 ;
; Power-Up Don't Care                                                        ; On                 ; On                 ;
; Remove Redundant Logic Cells                                               ; Off                ; Off                ;
; Remove Duplicate Registers                                                 ; On                 ; On                 ;
; Ignore CARRY Buffers                                                       ; Off                ; Off                ;
; Ignore CASCADE Buffers                                                     ; Off                ; Off                ;
; Ignore GLOBAL Buffers                                                      ; Off                ; Off                ;
; Ignore ROW GLOBAL Buffers                                                  ; Off                ; Off                ;
; Ignore LCELL Buffers                                                       ; Off                ; Off                ;
; Ignore SOFT Buffers                                                        ; On                 ; On                 ;
; Limit AHDL Integers to 32 Bits                                             ; Off                ; Off                ;
; Optimization Technique                                                     ; Balanced           ; Balanced           ;
; Carry Chain Length                                                         ; 70                 ; 70                 ;
; Auto Carry Chains                                                          ; On                 ; On                 ;
; Auto Open-Drain Pins                                                       ; On                 ; On                 ;
; Perform WYSIWYG Primitive Resynthesis                                      ; Off                ; Off                ;
; Auto Shift Register Replacement                                            ; Auto               ; Auto               ;
; Auto Clock Enable Replacement                                              ; On                 ; On                 ;
; Allow Synchronous Control Signals                                          ; On                 ; On                 ;
; Force Use of Synchronous Clear Signals                                     ; Off                ; Off                ;
; Auto Resource Sharing                                                      ; Off                ; Off                ;
; Use LogicLock Constraints during Resource Balancing                        ; On                 ; On                 ;
; Ignore translate_off and synthesis_off directives                          ; Off                ; Off                ;
; Show Parameter Settings Tables in Synthesis Report                         ; On                 ; On                 ;
; Ignore Maximum Fan-Out Assignments                                         ; Off                ; Off                ;
; Synchronization Register Chain Length                                      ; 2                  ; 2                  ;
; PowerPlay Power Optimization                                               ; Normal compilation ; Normal compilation ;
; HDL message level                                                          ; Level2             ; Level2             ;
; Suppress Register Optimization Related Messages                            ; Off                ; Off                ;
; Number of Removed Registers Reported in Synthesis Report                   ; 100                ; 100                ;
; Number of Inverted Registers Reported in Synthesis Report                  ; 100                ; 100                ;
; Clock MUX Protection                                                       ; On                 ; On                 ;
; Block Design Naming                                                        ; Auto               ; Auto               ;
; Synthesis Effort                                                           ; Auto               ; Auto               ;
; Shift Register Replacement - Allow Asynchronous Clear Signal               ; On                 ; On                 ;
; Analysis & Synthesis Message Level                                         ; Medium             ; Medium             ;
; Disable Register Merging Across Hierarchies                                ; Auto               ; Auto               ;
+----------------------------------------------------------------------------+--------------------+--------------------+


+------------------------------------------+
; Parallel Compilation                     ;
+----------------------------+-------------+
; Processors                 ; Number      ;
+----------------------------+-------------+
; Number detected on machine ; 2           ;
; Maximum allowed            ; 2           ;
;                            ;             ;
; Average used               ; 1.00        ;
; Maximum used               ; 1           ;
;                            ;             ;
; Usage by Processor         ; % Time Used ;
;     1 processor            ; 100.0%      ;
;     2 processors           ;   0.0%      ;
+----------------------------+-------------+


+--------------------------------------------------------------------------------------------------------------------------------------+
; Analysis & Synthesis Source Files Read                                                                                               ;
+----------------------------------+-----------------+------------------------------------+--------------------------------------------+
; File Name with User-Entered Path ; Used in Netlist ; File Type                          ; File Name with Absolute Path               ;
+----------------------------------+-----------------+------------------------------------+--------------------------------------------+
; ../frequent_div/Top_F.bdf        ; yes             ; User Block Diagram/Schematic File  ; E:/单片机/频率计/frequent_div/Top_F.bdf    ;
; frequent_div.v                   ; yes             ; Auto-Found Verilog HDL File        ; E:/单片机/频率计/Top_F/frequent_div.v      ;
; communication_mcu.v              ; yes             ; Auto-Found Verilog HDL File        ; E:/单片机/频率计/Top_F/communication_mcu.v ;
; mesurefreq.v                     ; yes             ; Auto-Found Verilog HDL File        ; E:/单片机/频率计/Top_F/mesurefreq.v        ;
+----------------------------------+-----------------+------------------------------------+--------------------------------------------+


+-----------------------------------------------------+
; Analysis & Synthesis Resource Usage Summary         ;
+---------------------------------------------+-------+
; Resource                                    ; Usage ;
+---------------------------------------------+-------+
; Total logic elements                        ; 0     ;
;     -- Combinational with no register       ; 0     ;
;     -- Register only                        ; 0     ;
;     -- Combinational with a register        ; 0     ;
;                                             ;       ;
; Logic element usage by number of LUT inputs ;       ;
;     -- 4 input functions                    ; 0     ;
;     -- 3 input functions                    ; 0     ;
;     -- 2 input functions                    ; 0     ;
;     -- 1 input functions                    ; 0     ;
;     -- 0 input functions                    ; 0     ;
;                                             ;       ;
; Logic elements by mode                      ;       ;
;     -- normal mode                          ; 0     ;
;     -- arithmetic mode                      ; 0     ;
;     -- qfbk mode                            ; 0     ;
;     -- register cascade mode                ; 0     ;
;     -- synchronous clear/load mode          ; 0     ;
;     -- asynchronous clear/load mode         ; 0     ;
;                                             ;       ;
; Total registers                             ; 0     ;
; I/O pins                                    ; 15    ;
+---------------------------------------------+-------+


+----------------------------------------------------------------------------------------------------------------------------------------------------------------------------------------------------------------------+
; Analysis & Synthesis Resource Utilization by Entity                                                                                                                                                                  ;
+----------------------------+-------------+--------------+------------+------+--------------+--------------+-------------------+------------------+-----------------+------------+---------------------+--------------+
; Compilation Hierarchy Node ; Logic Cells ; LC Registers ; UFM Blocks ; Pins ; Virtual Pins ; LUT-Only LCs ; Register-Only LCs ; LUT/Register LCs ; Carry Chain LCs ; Packed LCs ; Full Hierarchy Name ; Library Name ;
+----------------------------+-------------+--------------+------------+------+--------------+--------------+-------------------+------------------+-----------------+------------+---------------------+--------------+
; |Top_F                     ; 0 (0)       ; 0            ; 0          ; 15   ; 0            ; 0 (0)        ; 0 (0)             ; 0 (0)            ; 0 (0)           ; 0 (0)      ; |Top_F              ; work         ;
+----------------------------+-------------+--------------+------------+------+--------------+--------------+-------------------+------------------+-----------------+------------+---------------------+--------------+
Note: For table entries with two numbers listed, the numbers in parentheses indicate the number of resources of the given type used by the specific entity alone. The numbers listed outside of parentheses indicate the total resources of the given type used by the specific entity and all of its sub-entities in the hierarchy.


+----------------------------------------------------------------------------------+
; Registers Removed During Synthesis                                               ;
+-----------------------------------------+----------------------------------------+
; Register name                           ; Reason for Removal                     ;
+-----------------------------------------+----------------------------------------+
; frequent_div:inst3|clk_25mhz            ; Stuck at GND due to stuck port clock   ;
; frequent_div:inst3|counter3[18..29]     ; Stuck at GND due to stuck port clock   ;
; frequent_div:inst3|clk_cnthz            ; Stuck at GND due to stuck port clock   ;
; mesureFreq:inst2|fbaseCntTemp[0]        ; Stuck at GND due to stuck port clock   ;
; mesureFreq:inst2|startCnt               ; Stuck at GND due to stuck port data_in ;
; mesureFreq:inst2|fbaseCnt[0..31]        ; Stuck at GND due to stuck port clock   ;
; mesureFreq:inst2|fxCnt[0..31]           ; Stuck at GND due to stuck port clock   ;
; mesureFreq:inst2|fbaseCntTemp[1..31]    ; Stuck at GND due to stuck port clock   ;
; frequent_div:inst3|counter3[0..17]      ; Stuck at GND due to stuck port clock   ;
; mesureFreq:inst2|fxCntTemp[0..31]       ; Lost fanout                            ;
; Total Number of Removed Registers = 161 ;                                        ;
+-----------------------------------------+----------------------------------------+


+-----------------------------------------------------------------------------------------------------------------------------------------------+
; Removed Registers Triggering Further Register Optimizations                                                                                   ;
+------------------------------+-------------------------+--------------------------------------------------------------------------------------+
; Register name                ; Reason for Removal      ; Registers Removed due to This Register                                               ;
+------------------------------+-------------------------+--------------------------------------------------------------------------------------+
; frequent_div:inst3|clk_25mhz ; Stuck at GND            ; frequent_div:inst3|counter3[18], frequent_div:inst3|counter3[19],                    ;
;                              ; due to stuck port clock ; frequent_div:inst3|counter3[20], frequent_div:inst3|counter3[21],                    ;
;                              ;                         ; frequent_div:inst3|counter3[22], frequent_div:inst3|counter3[23],                    ;
;                              ;                         ; frequent_div:inst3|counter3[24], frequent_div:inst3|counter3[25],                    ;
;                              ;                         ; frequent_div:inst3|counter3[26], frequent_div:inst3|counter3[27],                    ;
;                              ;                         ; frequent_div:inst3|counter3[28], frequent_div:inst3|counter3[29],                    ;
;                              ;                         ; frequent_div:inst3|clk_cnthz, mesureFreq:inst2|fbaseCntTemp[0],                      ;
;                              ;                         ; mesureFreq:inst2|startCnt, mesureFreq:inst2|fbaseCnt[0],                             ;
;                              ;                         ; mesureFreq:inst2|fbaseCnt[1], mesureFreq:inst2|fbaseCnt[2],                          ;
;                              ;                         ; mesureFreq:inst2|fbaseCnt[3], mesureFreq:inst2|fbaseCnt[4],                          ;
;                              ;                         ; mesureFreq:inst2|fbaseCnt[5], mesureFreq:inst2|fbaseCnt[6],                          ;
;                              ;                         ; mesureFreq:inst2|fbaseCnt[7], mesureFreq:inst2|fbaseCnt[8],                          ;
;                              ;                         ; mesureFreq:inst2|fbaseCnt[9], mesureFreq:inst2|fbaseCnt[10],                         ;
;                              ;                         ; mesureFreq:inst2|fbaseCnt[11], mesureFreq:inst2|fbaseCnt[12],                        ;
;                              ;                         ; mesureFreq:inst2|fbaseCnt[13], mesureFreq:inst2|fbaseCnt[14],                        ;
;                              ;                         ; mesureFreq:inst2|fbaseCnt[15], mesureFreq:inst2|fbaseCnt[16],                        ;
;                              ;                         ; mesureFreq:inst2|fbaseCnt[17], mesureFreq:inst2|fbaseCnt[18],                        ;
;                              ;                         ; mesureFreq:inst2|fbaseCnt[19], mesureFreq:inst2|fbaseCnt[20],                        ;
;                              ;                         ; mesureFreq:inst2|fbaseCnt[21], mesureFreq:inst2|fbaseCnt[22],                        ;
;                              ;                         ; mesureFreq:inst2|fbaseCnt[23], mesureFreq:inst2|fbaseCnt[24],                        ;
;                              ;                         ; mesureFreq:inst2|fbaseCnt[25], mesureFreq:inst2|fbaseCnt[26],                        ;
;                              ;                         ; mesureFreq:inst2|fbaseCnt[27], mesureFreq:inst2|fbaseCnt[28],                        ;
;                              ;                         ; mesureFreq:inst2|fbaseCnt[29], mesureFreq:inst2|fbaseCnt[30],                        ;
;                              ;                         ; mesureFreq:inst2|fbaseCnt[31], mesureFreq:inst2|fxCnt[0], mesureFreq:inst2|fxCnt[1], ;
;                              ;                         ; mesureFreq:inst2|fxCnt[2], mesureFreq:inst2|fxCnt[3], mesureFreq:inst2|fxCnt[4],     ;
;                              ;                         ; mesureFreq:inst2|fxCnt[5], mesureFreq:inst2|fxCnt[6], mesureFreq:inst2|fxCnt[7],     ;
;                              ;                         ; mesureFreq:inst2|fxCnt[8], mesureFreq:inst2|fxCnt[9], mesureFreq:inst2|fxCnt[10],    ;
;                              ;                         ; mesureFreq:inst2|fxCnt[11], mesureFreq:inst2|fxCnt[12], mesureFreq:inst2|fxCnt[13],  ;
;                              ;                         ; mesureFreq:inst2|fxCnt[14], mesureFreq:inst2|fxCnt[15], mesureFreq:inst2|fxCnt[16],  ;
;                              ;                         ; mesureFreq:inst2|fxCnt[17], mesureFreq:inst2|fxCnt[18], mesureFreq:inst2|fxCnt[19],  ;
;                              ;                         ; mesureFreq:inst2|fxCnt[20], mesureFreq:inst2|fxCnt[21], mesureFreq:inst2|fxCnt[22],  ;
;                              ;                         ; mesureFreq:inst2|fxCnt[23], mesureFreq:inst2|fxCnt[24], mesureFreq:inst2|fxCnt[25],  ;
;                              ;                         ; mesureFreq:inst2|fxCnt[26], mesureFreq:inst2|fxCnt[27], mesureFreq:inst2|fxCnt[28],  ;
;                              ;                         ; mesureFreq:inst2|fxCnt[29], mesureFreq:inst2|fxCnt[30], mesureFreq:inst2|fxCnt[31],  ;
;                              ;                         ; mesureFreq:inst2|fbaseCntTemp[1], mesureFreq:inst2|fbaseCntTemp[2],                  ;
;                              ;                         ; mesureFreq:inst2|fbaseCntTemp[3], mesureFreq:inst2|fbaseCntTemp[4],                  ;
;                              ;                         ; mesureFreq:inst2|fbaseCntTemp[5], mesureFreq:inst2|fbaseCntTemp[6],                  ;
;                              ;                         ; mesureFreq:inst2|fbaseCntTemp[7], mesureFreq:inst2|fbaseCntTemp[8],                  ;
;                              ;                         ; mesureFreq:inst2|fbaseCntTemp[9], mesureFreq:inst2|fbaseCntTemp[10],                 ;
;                              ;                         ; mesureFreq:inst2|fbaseCntTemp[11], mesureFreq:inst2|fbaseCntTemp[12],                ;
;                              ;                         ; mesureFreq:inst2|fbaseCntTemp[13], mesureFreq:inst2|fbaseCntTemp[14],                ;
;                              ;                         ; mesureFreq:inst2|fbaseCntTemp[15], mesureFreq:inst2|fbaseCntTemp[16],                ;
;                              ;                         ; mesureFreq:inst2|fbaseCntTemp[17], mesureFreq:inst2|fbaseCntTemp[18],                ;
;                              ;                         ; mesureFreq:inst2|fbaseCntTemp[19], mesureFreq:inst2|fbaseCntTemp[20],                ;
;                              ;                         ; mesureFreq:inst2|fbaseCntTemp[21], mesureFreq:inst2|fbaseCntTemp[22],                ;
;                              ;                         ; mesureFreq:inst2|fbaseCntTemp[23], mesureFreq:inst2|fbaseCntTemp[24],                ;
;                              ;                         ; mesureFreq:inst2|fbaseCntTemp[25], mesureFreq:inst2|fbaseCntTemp[26],                ;
;                              ;                         ; mesureFreq:inst2|fbaseCntTemp[27], mesureFreq:inst2|fbaseCntTemp[28],                ;
;                              ;                         ; mesureFreq:inst2|fbaseCntTemp[29], mesureFreq:inst2|fbaseCntTemp[30],                ;
;                              ;                         ; mesureFreq:inst2|fbaseCntTemp[31], frequent_div:inst3|counter3[17],                  ;
;                              ;                         ; frequent_div:inst3|counter3[16], frequent_div:inst3|counter3[15],                    ;
;                              ;                         ; frequent_div:inst3|counter3[14], frequent_div:inst3|counter3[13],                    ;
;                              ;                         ; frequent_div:inst3|counter3[12], frequent_div:inst3|counter3[11],                    ;
;                              ;                         ; frequent_div:inst3|counter3[10], frequent_div:inst3|counter3[9],                     ;
;                              ;                         ; frequent_div:inst3|counter3[8], frequent_div:inst3|counter3[7],                      ;
;                              ;                         ; frequent_div:inst3|counter3[6], frequent_div:inst3|counter3[5],                      ;
;                              ;                         ; frequent_div:inst3|counter3[4], frequent_div:inst3|counter3[3],                      ;
;                              ;                         ; frequent_div:inst3|counter3[2], frequent_div:inst3|counter3[1],                      ;
;                              ;                         ; frequent_div:inst3|counter3[0], mesureFreq:inst2|fxCntTemp[31],                      ;
;                              ;                         ; mesureFreq:inst2|fxCntTemp[30], mesureFreq:inst2|fxCntTemp[29],                      ;
;                              ;                         ; mesureFreq:inst2|fxCntTemp[28], mesureFreq:inst2|fxCntTemp[27],                      ;
;                              ;                         ; mesureFreq:inst2|fxCntTemp[26], mesureFreq:inst2|fxCntTemp[25],                      ;
;                              ;                         ; mesureFreq:inst2|fxCntTemp[24], mesureFreq:inst2|fxCntTemp[23],                      ;
;                              ;                         ; mesureFreq:inst2|fxCntTemp[22], mesureFreq:inst2|fxCntTemp[21],                      ;
;                              ;                         ; mesureFreq:inst2|fxCntTemp[20], mesureFreq:inst2|fxCntTemp[19],                      ;
;                              ;                         ; mesureFreq:inst2|fxCntTemp[18], mesureFreq:inst2|fxCntTemp[17],                      ;
;                              ;                         ; mesureFreq:inst2|fxCntTemp[16], mesureFreq:inst2|fxCntTemp[15],                      ;
;                              ;                         ; mesureFreq:inst2|fxCntTemp[14], mesureFreq:inst2|fxCntTemp[13],                      ;
;                              ;                         ; mesureFreq:inst2|fxCntTemp[12], mesureFreq:inst2|fxCntTemp[11],                      ;
;                              ;                         ; mesureFreq:inst2|fxCntTemp[10], mesureFreq:inst2|fxCntTemp[9],                       ;
;                              ;                         ; mesureFreq:inst2|fxCntTemp[8], mesureFreq:inst2|fxCntTemp[7],                        ;
;                              ;                         ; mesureFreq:inst2|fxCntTemp[6], mesureFreq:inst2|fxCntTemp[5],                        ;
;                              ;                         ; mesureFreq:inst2|fxCntTemp[4], mesureFreq:inst2|fxCntTemp[3],                        ;
;                              ;                         ; mesureFreq:inst2|fxCntTemp[2], mesureFreq:inst2|fxCntTemp[1],                        ;
;                              ;                         ; mesureFreq:inst2|fxCntTemp[0]                                                        ;
+------------------------------+-------------------------+--------------------------------------------------------------------------------------+


+------------------------------------------------------+
; General Register Statistics                          ;
+----------------------------------------------+-------+
; Statistic                                    ; Value ;
+----------------------------------------------+-------+
; Total registers                              ; 0     ;
; Number of registers using Synchronous Clear  ; 0     ;
; Number of registers using Synchronous Load   ; 0     ;
; Number of registers using Asynchronous Clear ; 0     ;
; Number of registers using Asynchronous Load  ; 0     ;
; Number of registers using Clock Enable       ; 0     ;
; Number of registers using Preset             ; 0     ;
+----------------------------------------------+-------+


+-------------------------------+
; Analysis & Synthesis Messages ;
+-------------------------------+
Info: *******************************************************************
Info: Running Quartus II 64-Bit Analysis & Synthesis
    Info: Version 9.1 Build 222 10/21/2009 SJ Full Version
    Info: Processing started: Sun May 29 23:11:47 2016
Info: Command: quartus_map --read_settings_files=on --write_settings_files=off Top_F -c Top_F
Info: Parallel compilation is enabled and will use 2 of the 2 processors detected
Info: Found 1 design units, including 1 entities, in source file /单片机/频率计/frequent_div/top_f.bdf
    Info: Found entity 1: Top_F
Info: Elaborating entity "Top_F" for the top level hierarchy
Warning: Block or symbol "frequent_div" of instance "inst3" overlaps another block or symbol
Warning: Pin "sysclk" not connected
Warning: Using design file frequent_div.v, which is not specified as a design file for the current project, but contains definitions for 1 design units and 1 entities in project
    Info: Found entity 1: frequent_div
Info: Elaborating entity "frequent_div" for hierarchy "frequent_div:inst3"
Warning (10230): Verilog HDL assignment warning at frequent_div.v(22): truncated value with size 32 to match size of target (30)
Warning: Using design file communication_mcu.v, which is not specified as a design file for the current project, but contains definitions for 1 design units and 1 entities in project
    Info: Found entity 1: communication_mcu
Info: Elaborating entity "communication_mcu" for hierarchy "communication_mcu:inst"
Warning: Using design file mesurefreq.v, which is not specified as a design file for the current project, but contains definitions for 1 design units and 1 entities in project
    Info: Found entity 1: mesureFreq
Info: Elaborating entity "mesureFreq" for hierarchy "mesureFreq:inst2"
Warning: Output pins are stuck at VCC or GND
    Warning (13410): Pin "interrupt" is stuck at GND
    Warning (13410): Pin "clk_25mhz" is stuck at GND
    Warning (13410): Pin "data_out[7]" is stuck at GND
    Warning (13410): Pin "data_out[6]" is stuck at GND
    Warning (13410): Pin "data_out[5]" is stuck at GND
    Warning (13410): Pin "data_out[4]" is stuck at GND
    Warning (13410): Pin "data_out[3]" is stuck at GND
    Warning (13410): Pin "data_out[2]" is stuck at GND
    Warning (13410): Pin "data_out[1]" is stuck at GND
    Warning (13410): Pin "data_out[0]" is stuck at GND
Info: 32 registers lost all their fanouts during netlist optimizations. The first 32 are displayed below.
    Info: Register "mesureFreq:inst2|fxCntTemp[31]" lost all its fanouts during netlist optimizations.
    Info: Register "mesureFreq:inst2|fxCntTemp[30]" lost all its fanouts during netlist optimizations.
    Info: Register "mesureFreq:inst2|fxCntTemp[29]" lost all its fanouts during netlist optimizations.
    Info: Register "mesureFreq:inst2|fxCntTemp[28]" lost all its fanouts during netlist optimizations.
    Info: Register "mesureFreq:inst2|fxCntTemp[27]" lost all its fanouts during netlist optimizations.
    Info: Register "mesureFreq:inst2|fxCntTemp[26]" lost all its fanouts during netlist optimizations.
    Info: Register "mesureFreq:inst2|fxCntTemp[25]" lost all its fanouts during netlist optimizations.
    Info: Register "mesureFreq:inst2|fxCntTemp[24]" lost all its fanouts during netlist optimizations.
    Info: Register "mesureFreq:inst2|fxCntTemp[23]" lost all its fanouts during netlist optimizations.
    Info: Register "mesureFreq:inst2|fxCntTemp[22]" lost all its fanouts during netlist optimizations.
    Info: Register "mesureFreq:inst2|fxCntTemp[21]" lost all its fanouts during netlist optimizations.
    Info: Register "mesureFreq:inst2|fxCntTemp[20]" lost all its fanouts during netlist optimizations.
    Info: Register "mesureFreq:inst2|fxCntTemp[19]" lost all its fanouts during netlist optimizations.
    Info: Register "mesureFreq:inst2|fxCntTemp[18]" lost all its fanouts during netlist optimizations.
    Info: Register "mesureFreq:inst2|fxCntTemp[17]" lost all its fanouts during netlist optimizations.
    Info: Register "mesureFreq:inst2|fxCntTemp[16]" lost all its fanouts during netlist optimizations.
    Info: Register "mesureFreq:inst2|fxCntTemp[15]" lost all its fanouts during netlist optimizations.
    Info: Register "mesureFreq:inst2|fxCntTemp[14]" lost all its fanouts during netlist optimizations.
    Info: Register "mesureFreq:inst2|fxCntTemp[13]" lost all its fanouts during netlist optimizations.
    Info: Register "mesureFreq:inst2|fxCntTemp[12]" lost all its fanouts during netlist optimizations.
    Info: Register "mesureFreq:inst2|fxCntTemp[11]" lost all its fanouts during netlist optimizations.
    Info: Register "mesureFreq:inst2|fxCntTemp[10]" lost all its fanouts during netlist optimizations.
    Info: Register "mesureFreq:inst2|fxCntTemp[9]" lost all its fanouts during netlist optimizations.
    Info: Register "mesureFreq:inst2|fxCntTemp[8]" lost all its fanouts during netlist optimizations.
    Info: Register "mesureFreq:inst2|fxCntTemp[7]" lost all its fanouts during netlist optimizations.
    Info: Register "mesureFreq:inst2|fxCntTemp[6]" lost all its fanouts during netlist optimizations.
    Info: Register "mesureFreq:inst2|fxCntTemp[5]" lost all its fanouts during netlist optimizations.
    Info: Register "mesureFreq:inst2|fxCntTemp[4]" lost all its fanouts during netlist optimizations.
    Info: Register "mesureFreq:inst2|fxCntTemp[3]" lost all its fanouts during netlist optimizations.
    Info: Register "mesureFreq:inst2|fxCntTemp[2]" lost all its fanouts during netlist optimizations.
    Info: Register "mesureFreq:inst2|fxCntTemp[1]" lost all its fanouts during netlist optimizations.
    Info: Register "mesureFreq:inst2|fxCntTemp[0]" lost all its fanouts during netlist optimizations.
Warning: Design contains 5 input pin(s) that do not drive logic
    Warning (15610): No output dependent on input pin "sel0"
    Warning (15610): No output dependent on input pin "sel1"
    Warning (15610): No output dependent on input pin "sel2"
    Warning (15610): No output dependent on input pin "fx"
    Warning (15610): No output dependent on input pin "sysclk"
Info: Implemented 15 device resources after synthesis - the final resource count might be different
    Info: Implemented 5 input pins
    Info: Implemented 10 output pins
Info: Generated suppressed messages file E:/单片机/频率计/Top_F/Top_F.map.smsg
Info: Quartus II 64-Bit Analysis & Synthesis was successful. 0 errors, 23 warnings
    Info: Peak virtual memory: 261 megabytes
    Info: Processing ended: Sun May 29 23:11:47 2016
    Info: Elapsed time: 00:00:00
    Info: Total CPU time (on all processors): 00:00:01


+------------------------------------------+
; Analysis & Synthesis Suppressed Messages ;
+------------------------------------------+
The suppressed messages can be found in E:/单片机/频率计/Top_F/Top_F.map.smsg.


