Flow report for jicunqi
Sat May 28 22:16:41 2016
Quartus II 64-Bit Version 11.0 Build 208 07/03/2011 Service Pack 1 SJ Full Version


---------------------
; Table of Contents ;
---------------------
  1. Legal Notice
  2. Flow Summary
  3. Flow Settings
  4. Flow Non-Default Global Settings
  5. Flow Elapsed Time
  6. Flow OS Summary
  7. Flow Log



----------------
; Legal Notice ;
----------------
Copyright (C) 1991-2011 Altera Corporation
Your use of Altera Corporation's design tools, logic functions 
and other software and tools, and its AMPP partner logic 
functions, and any output files from any of the foregoing 
(including device programming or simulation files), and any 
associated documentation or information are expressly subject 
to the terms and conditions of the Altera Program License 
Subscription Agreement, Altera MegaCore Function License 
Agreement, or other applicable license agreement, including, 
without limitation, that your use is for the sole purpose of 
programming logic devices manufactured by Altera and sold by 
Altera or its authorized distributors.  Please refer to the 
applicable agreement for further details.



+----------------------------------------------------------------------------+
; Flow Summary                                                               ;
+---------------------------+------------------------------------------------+
; Flow Status               ; Successful - Sat May 28 22:16:41 2016          ;
; Quartus II 64-Bit Version ; 11.0 Build 208 07/03/2011 SP 1 SJ Full Version ;
; Revision Name             ; jicunqi                                        ;
; Top-level Entity Name     ; jicunqi                                        ;
; Family                    ; MAX II                                         ;
; Device                    ; EPM240T100C5                                   ;
; Timing Models             ; Final                                          ;
; Total logic elements      ; 1 / 240 ( < 1 % )                              ;
; Total pins                ; 3 / 80 ( 4 % )                                 ;
; Total virtual pins        ; 0                                              ;
; UFM blocks                ; 0 / 1 ( 0 % )                                  ;
+---------------------------+------------------------------------------------+


+-----------------------------------------+
; Flow Settings                           ;
+-------------------+---------------------+
; Option            ; Setting             ;
+-------------------+---------------------+
; Start date & time ; 05/28/2016 22:16:33 ;
; Main task         ; Compilation         ;
; Revision Name     ; jicunqi             ;
+-------------------+---------------------+


+-----------------------------------------------------------------------------------------------------------------------+
; Flow Non-Default Global Settings                                                                                      ;
+---------------------------------------+--------------------------------+---------------+-------------+----------------+
; Assignment Name                       ; Value                          ; Default Value ; Entity Name ; Section Id     ;
+---------------------------------------+--------------------------------+---------------+-------------+----------------+
; COMPILER_SIGNATURE_ID                 ; 92587421740417.146444499316400 ; --            ; --          ; --             ;
; EDA_DESIGN_INSTANCE_NAME              ; NA                             ; --            ; --          ; --             ;
; EDA_ENABLE_GLITCH_FILTERING           ; On                             ; --            ; --          ; eda_simulation ;
; EDA_MAP_ILLEGAL_CHARACTERS            ; On                             ; --            ; --          ; eda_simulation ;
; EDA_NATIVELINK_SIMULATION_TEST_BENCH  ; jicunqi                        ; --            ; --          ; eda_simulation ;
; EDA_OUTPUT_DATA_FORMAT                ; Verilog Hdl                    ; --            ; --          ; eda_simulation ;
; EDA_SIMULATION_TOOL                   ; ModelSim (Verilog)             ; <None>        ; --          ; --             ;
; EDA_TEST_BENCH_ENABLE_STATUS          ; TEST_BENCH_MODE                ; --            ; --          ; eda_simulation ;
; EDA_TEST_BENCH_FILE                   ; simulation/modelsim/jicunqi.vt ; --            ; --          ; --             ;
; EDA_TEST_BENCH_MODULE_NAME            ; jicunqi_vlg_tst                ; --            ; --          ; --             ;
; EDA_TEST_BENCH_NAME                   ; jicunqi                        ; --            ; --          ; eda_simulation ;
; EDA_TIME_SCALE                        ; 1 ps                           ; --            ; --          ; eda_simulation ;
; MAX_CORE_JUNCTION_TEMP                ; 85                             ; --            ; --          ; --             ;
; MIN_CORE_JUNCTION_TEMP                ; 0                              ; --            ; --          ; --             ;
; POWER_EXT_SUPPLY_VOLTAGE_TO_REGULATOR ; 3.3V                           ; --            ; --          ; --             ;
+---------------------------------------+--------------------------------+---------------+-------------+----------------+


+-------------------------------------------------------------------------------------------------------------------------------+
; Flow Elapsed Time                                                                                                             ;
+---------------------------+--------------+-------------------------+---------------------+------------------------------------+
; Module Name               ; Elapsed Time ; Average Processors Used ; Peak Virtual Memory ; Total CPU Time (on all processors) ;
+---------------------------+--------------+-------------------------+---------------------+------------------------------------+
; Analysis & Synthesis      ; 00:00:01     ; 1.0                     ; 318 MB              ; 00:00:01                           ;
; Fitter                    ; 00:00:01     ; 1.0                     ; 389 MB              ; 00:00:01                           ;
; Assembler                 ; 00:00:01     ; 1.0                     ; 285 MB              ; 00:00:01                           ;
; TimeQuest Timing Analyzer ; 00:00:01     ; 1.0                     ; 298 MB              ; 00:00:01                           ;
; EDA Netlist Writer        ; 00:00:01     ; 1.0                     ; 263 MB              ; 00:00:00                           ;
; Total                     ; 00:00:05     ; --                      ; --                  ; 00:00:04                           ;
+---------------------------+--------------+-------------------------+---------------------+------------------------------------+


+----------------------------------------------------------------------------------------+
; Flow OS Summary                                                                        ;
+---------------------------+------------------+-----------+------------+----------------+
; Module Name               ; Machine Hostname ; OS Name   ; OS Version ; Processor type ;
+---------------------------+------------------+-----------+------------+----------------+
; Analysis & Synthesis      ; yanzhong-PC      ; Windows 7 ; 6.1        ; x86_64         ;
; Fitter                    ; yanzhong-PC      ; Windows 7 ; 6.1        ; x86_64         ;
; Assembler                 ; yanzhong-PC      ; Windows 7 ; 6.1        ; x86_64         ;
; TimeQuest Timing Analyzer ; yanzhong-PC      ; Windows 7 ; 6.1        ; x86_64         ;
; EDA Netlist Writer        ; yanzhong-PC      ; Windows 7 ; 6.1        ; x86_64         ;
+---------------------------+------------------+-----------+------------+----------------+


------------
; Flow Log ;
------------
quartus_map --read_settings_files=on --write_settings_files=off jicunqi -c jicunqi
quartus_fit --read_settings_files=off --write_settings_files=off jicunqi -c jicunqi
quartus_asm --read_settings_files=off --write_settings_files=off jicunqi -c jicunqi
quartus_sta jicunqi -c jicunqi
quartus_eda --read_settings_files=off --write_settings_files=off jicunqi -c jicunqi



